<?xml version="1.0" encoding="UTF-8"?>
<!-- Generated by org.testng.reporters.JUnitReportReporter -->
<testsuite hostname="Shreyansh-PC" name="practice.PriorityWise" tests="3" failures="0" timestamp="5 Dec 2017 02:53:52 GMT" time="0.094" errors="0">
  <testcase name="tc2" time="0.002" classname="practice.PriorityWise"/>
  <testcase name="tc3" time="0.090" classname="practice.PriorityWise"/>
  <testcase name="tc1" time="0.002" classname="practice.PriorityWise"/>
</testsuite> <!-- practice.PriorityWise -->
