<?xml version="1.0" encoding="UTF-8"?>
<!-- Generated by org.testng.reporters.JUnitReportReporter -->
<testsuite hostname="Shreyansh-PC" name="testing.A" tests="1" failures="0" timestamp="13 Dec 2017 17:03:51 GMT" time="14.958" errors="0">
  <testcase name="abc" time="14.958" classname="testing.A"/>
</testsuite> <!-- testing.A -->
