<?xml version="1.0" encoding="UTF-8"?>
<!-- Generated by org.testng.reporters.JUnitReportReporter -->
<testsuite hostname="Shreyansh-PC" name="a.b.TestNGDemo" tests="1" failures="0" timestamp="25 Aug 2017 05:42:59 GMT" time="0.043" errors="0">
  <testcase name="abc" time="0.043" classname="a.b.TestNGDemo"/>
</testsuite> <!-- a.b.TestNGDemo -->
