<?xml version="1.0" encoding="UTF-8"?>
<!-- Generated by org.testng.reporters.JUnitReportReporter -->
<testsuite hostname="Shreyansh-PC" name="a.b.Application" tests="2" failures="0" timestamp="27 Aug 2017 06:57:33 GMT" time="0.036" errors="0">
  <testcase name="abc" time="0.035" classname="a.b.Application"/>
  <testcase name="abc1" time="0.001" classname="a.b.Application"/>
</testsuite> <!-- a.b.Application -->
