<?xml version="1.0" encoding="UTF-8"?>
<!-- Generated by org.testng.reporters.JUnitReportReporter -->
<testsuite hostname="Shreyansh-PC" name="dataprovider.DataProviderTest" tests="2" failures="0" timestamp="3 Dec 2017 12:27:36 GMT" time="105.655" errors="0">
  <testcase name="test" time="64.714" classname="dataprovider.DataProviderTest"/>
  <testcase name="test" time="40.941" classname="dataprovider.DataProviderTest"/>
</testsuite> <!-- dataprovider.DataProviderTest -->
