<?xml version="1.0" encoding="UTF-8"?>
<!-- Generated by org.testng.reporters.JUnitReportReporter -->
<testsuite hostname="Shreyansh-PC" name="practice.ThreeConditions" tests="2" failures="0" timestamp="5 Dec 2017 02:52:04 GMT" time="0.157" errors="0">
  <testcase name="abc" time="0.002" classname="practice.ThreeConditions"/>
  <testcase name="a1" time="0.155" classname="practice.ThreeConditions"/>
</testsuite> <!-- practice.ThreeConditions -->
